gpu-proxy: "GET /health HTTP/1.1" 200 -
gpu-proxy: "POST /v1/indexes/status HTTP/1.1" 200 -
gpu-proxy: "POST /v1/indexes/upsert HTTP/1.1" 200 -
gpu-proxy: "POST /v1/indexes/upsert HTTP/1.1" 200 -
gpu-proxy: "POST /v1/indexes/upsert HTTP/1.1" 200 -
gpu-proxy: "POST /v1/indexes/upsert HTTP/1.1" 200 -
gpu-proxy: "POST /v1/indexes/upsert HTTP/1.1" 200 -
gpu-proxy: "POST /v1/indexes/upsert HTTP/1.1" 200 -
gpu-proxy: "POST /v1/indexes/upsert HTTP/1.1" 200 -
gpu-proxy: "POST /v1/indexes/upsert HTTP/1.1" 200 -
gpu-proxy: "POST /v1/indexes/upsert HTTP/1.1" 200 -
gpu-proxy: "POST /v1/indexes/upsert HTTP/1.1" 200 -
gpu-proxy: "POST /v1/indexes/upsert HTTP/1.1" 200 -
gpu-proxy: "POST /v1/indexes/upsert HTTP/1.1" 200 -
gpu-proxy: "POST /v1/indexes/upsert HTTP/1.1" 200 -
gpu-proxy: "POST /v1/indexes/upsert HTTP/1.1" 200 -
gpu-proxy: "POST /v1/indexes/upsert HTTP/1.1" 200 -
gpu-proxy: "GET /health HTTP/1.1" 200 -
gpu-proxy: "POST /v1/indexes/upsert HTTP/1.1" 200 -
gpu-proxy: "POST /v1/indexes/upsert HTTP/1.1" 200 -
gpu-proxy: "POST /v1/indexes/upsert HTTP/1.1" 200 -
gpu-proxy: "POST /v1/indexes/upsert HTTP/1.1" 200 -
gpu-proxy: "POST /v1/indexes/upsert HTTP/1.1" 200 -
gpu-proxy: "POST /v1/indexes/upsert HTTP/1.1" 200 -
gpu-proxy: "POST /v1/indexes/upsert HTTP/1.1" 200 -
gpu-proxy: "POST /v1/indexes/upsert HTTP/1.1" 200 -
gpu-proxy: "POST /v1/indexes/upsert HTTP/1.1" 200 -
gpu-proxy: "POST /v1/indexes/upsert HTTP/1.1" 200 -
gpu-proxy: "POST /v1/indexes/upsert HTTP/1.1" 200 -
gpu-proxy: "POST /v1/indexes/upsert HTTP/1.1" 200 -
gpu-proxy: "POST /v1/indexes/upsert HTTP/1.1" 200 -
gpu-proxy: "POST /v1/indexes/upsert HTTP/1.1" 200 -
gpu-proxy: "POST /v1/indexes/upsert HTTP/1.1" 200 -
gpu-proxy: "POST /v1/indexes/upsert HTTP/1.1" 200 -
gpu-proxy: "POST /v1/indexes/upsert HTTP/1.1" 200 -
gpu-proxy: "POST /v1/indexes/upsert HTTP/1.1" 200 -
gpu-proxy: "POST /v1/indexes/upsert HTTP/1.1" 200 -
gpu-proxy: "POST /v1/indexes/upsert HTTP/1.1" 200 -
gpu-proxy: "POST /v1/indexes/upsert HTTP/1.1" 200 -
gpu-proxy: "POST /v1/indexes/upsert HTTP/1.1" 200 -
gpu-proxy: "POST /v1/indexes/upsert HTTP/1.1" 200 -
gpu-proxy: "POST /v1/indexes/upsert HTTP/1.1" 200 -
gpu-proxy: "POST /v1/indexes/upsert HTTP/1.1" 200 -
gpu-proxy: "POST /v1/indexes/upsert HTTP/1.1" 200 -
gpu-proxy: "POST /v1/indexes/upsert HTTP/1.1" 200 -
gpu-proxy: "POST /v1/indexes/upsert HTTP/1.1" 200 -
gpu-proxy: "POST /v1/indexes/upsert HTTP/1.1" 200 -
gpu-proxy: "POST /v1/indexes/upsert HTTP/1.1" 200 -
gpu-proxy: "POST /v1/indexes/upsert HTTP/1.1" 200 -
gpu-proxy: "POST /v1/indexes/upsert HTTP/1.1" 200 -
gpu-proxy: "POST /v1/indexes/upsert HTTP/1.1" 200 -
gpu-proxy: "POST /v1/indexes/upsert HTTP/1.1" 200 -
gpu-proxy: "POST /v1/indexes/upsert HTTP/1.1" 200 -
gpu-proxy: "POST /v1/indexes/upsert HTTP/1.1" 200 -
gpu-proxy: "POST /v1/indexes/upsert HTTP/1.1" 200 -
gpu-proxy: "POST /v1/indexes/upsert HTTP/1.1" 200 -
gpu-proxy: "POST /v1/indexes/upsert HTTP/1.1" 200 -
gpu-proxy: "POST /v1/indexes/upsert HTTP/1.1" 200 -
gpu-proxy: "POST /v1/indexes/upsert HTTP/1.1" 200 -
gpu-proxy: "POST /v1/indexes/upsert HTTP/1.1" 200 -
gpu-proxy: "POST /v1/indexes/upsert HTTP/1.1" 200 -
gpu-proxy: "POST /v1/indexes/upsert HTTP/1.1" 200 -
gpu-proxy: "POST /v1/indexes/upsert HTTP/1.1" 200 -
gpu-proxy: "POST /v1/indexes/upsert HTTP/1.1" 200 -
gpu-proxy: "POST /v1/indexes/upsert HTTP/1.1" 200 -
gpu-proxy: "POST /v1/indexes/upsert HTTP/1.1" 200 -
gpu-proxy: "POST /v1/indexes/upsert HTTP/1.1" 200 -
gpu-proxy: "POST /v1/indexes/upsert HTTP/1.1" 200 -
gpu-proxy: "POST /v1/indexes/upsert HTTP/1.1" 200 -
gpu-proxy: "POST /v1/indexes/upsert HTTP/1.1" 200 -
gpu-proxy: "POST /v1/indexes/upsert HTTP/1.1" 200 -
gpu-proxy: "POST /v1/indexes/upsert HTTP/1.1" 200 -
gpu-proxy: "POST /v1/indexes/upsert HTTP/1.1" 200 -
gpu-proxy: "POST /v1/indexes/upsert HTTP/1.1" 200 -
gpu-proxy: "POST /v1/indexes/upsert HTTP/1.1" 200 -
gpu-proxy: "POST /v1/indexes/upsert HTTP/1.1" 200 -
gpu-proxy: "POST /v1/indexes/upsert HTTP/1.1" 200 -
gpu-proxy: "POST /v1/indexes/upsert HTTP/1.1" 200 -
gpu-proxy: "POST /v1/indexes/upsert HTTP/1.1" 200 -
gpu-proxy: "POST /v1/indexes/upsert HTTP/1.1" 200 -
gpu-proxy: "POST /v1/indexes/upsert HTTP/1.1" 200 -
gpu-proxy: "POST /v1/indexes/upsert HTTP/1.1" 200 -
gpu-proxy: "POST /v1/indexes/upsert HTTP/1.1" 200 -
gpu-proxy: "POST /v1/indexes/upsert HTTP/1.1" 200 -
gpu-proxy: "POST /v1/indexes/upsert HTTP/1.1" 200 -
gpu-proxy: "POST /v1/indexes/upsert HTTP/1.1" 200 -
gpu-proxy: "POST /v1/indexes/upsert HTTP/1.1" 200 -
gpu-proxy: "POST /v1/indexes/upsert HTTP/1.1" 200 -
gpu-proxy: "POST /v1/indexes/upsert HTTP/1.1" 200 -
gpu-proxy: "POST /v1/indexes/upsert HTTP/1.1" 200 -
gpu-proxy: "POST /v1/indexes/upsert HTTP/1.1" 200 -
gpu-proxy: "POST /v1/indexes/upsert HTTP/1.1" 200 -
gpu-proxy: "POST /v1/indexes/upsert HTTP/1.1" 200 -
gpu-proxy: "POST /v1/indexes/upsert HTTP/1.1" 200 -
gpu-proxy: "POST /v1/indexes/upsert HTTP/1.1" 200 -
gpu-proxy: "POST /v1/indexes/upsert HTTP/1.1" 200 -
gpu-proxy: "POST /v1/indexes/upsert HTTP/1.1" 200 -
gpu-proxy: "POST /v1/indexes/upsert HTTP/1.1" 200 -
gpu-proxy: "POST /v1/indexes/upsert HTTP/1.1" 200 -
gpu-proxy: "POST /v1/indexes/upsert HTTP/1.1" 200 -
gpu-proxy: "POST /v1/indexes/upsert HTTP/1.1" 200 -
gpu-proxy: "POST /v1/indexes/upsert HTTP/1.1" 200 -
gpu-proxy: "POST /v1/indexes/upsert HTTP/1.1" 200 -
gpu-proxy: "POST /v1/indexes/upsert HTTP/1.1" 200 -
gpu-proxy: "POST /v1/indexes/upsert HTTP/1.1" 200 -
gpu-proxy: "POST /v1/indexes/upsert HTTP/1.1" 200 -
gpu-proxy: "POST /v1/indexes/status HTTP/1.1" 200 -
gpu-proxy: "POST /v1/search HTTP/1.1" 200 -
gpu-proxy: "POST /v1/rerank HTTP/1.1" 200 -
[2026-07-21T16:26:54.209] error: *** JOB 3716365 ON pllimsksparky2 CANCELLED AT 2026-07-21T16:26:54 DUE to SIGNAL Terminated ***
