gpu-proxy: "GET /health HTTP/1.1" 200 -
gpu-proxy: "GET /health HTTP/1.1" 200 -
gpu-proxy: "GET /health HTTP/1.1" 200 -
gpu-proxy: "GET /health HTTP/1.1" 200 -
gpu-proxy: "GET /health HTTP/1.1" 200 -
gpu-proxy: "GET /health HTTP/1.1" 200 -
gpu-proxy: "GET /health HTTP/1.1" 200 -
gpu-proxy: "GET /health HTTP/1.1" 200 -
gpu-proxy: "GET /health HTTP/1.1" 200 -
gpu-proxy: "GET /health HTTP/1.1" 200 -
gpu-proxy: "GET /health HTTP/1.1" 200 -
gpu-proxy: "GET /health HTTP/1.1" 200 -
gpu-proxy: "GET /health HTTP/1.1" 200 -
gpu-proxy: "GET /health HTTP/1.1" 200 -
gpu-proxy: "GET /health HTTP/1.1" 200 -
gpu-proxy: "GET /health HTTP/1.1" 200 -
gpu-proxy: "GET /health HTTP/1.1" 200 -
gpu-proxy: "GET /health HTTP/1.1" 200 -
gpu-proxy: "GET /health HTTP/1.1" 200 -
gpu-proxy: "GET /health HTTP/1.1" 200 -
gpu-proxy: "GET /health HTTP/1.1" 200 -
gpu-proxy: "GET /health HTTP/1.1" 200 -
gpu-proxy: "GET /health HTTP/1.1" 200 -
gpu-proxy: "GET /health HTTP/1.1" 200 -
gpu-proxy: "GET /health HTTP/1.1" 200 -
gpu-proxy: "GET /health HTTP/1.1" 200 -
gpu-proxy: "GET /health HTTP/1.1" 200 -
gpu-proxy: "GET /health HTTP/1.1" 200 -
gpu-proxy: "GET /health HTTP/1.1" 200 -
gpu-proxy: "GET /health HTTP/1.1" 200 -
gpu-proxy: "GET /health HTTP/1.1" 200 -
gpu-proxy: "GET /health HTTP/1.1" 200 -
gpu-proxy: "GET /health HTTP/1.1" 200 -
gpu-proxy: "GET /health HTTP/1.1" 200 -
gpu-proxy: "GET /health HTTP/1.1" 200 -
gpu-proxy: "GET /health HTTP/1.1" 200 -
gpu-proxy: "GET /health HTTP/1.1" 200 -
gpu-proxy: "GET /health HTTP/1.1" 200 -
gpu-proxy: "GET /health HTTP/1.1" 200 -
gpu-proxy: "GET /health HTTP/1.1" 200 -
gpu-proxy: "GET /health HTTP/1.1" 200 -
gpu-proxy: "GET /health HTTP/1.1" 200 -
gpu-proxy: "GET /health HTTP/1.1" 200 -
gpu-proxy: "GET /health HTTP/1.1" 200 -
gpu-proxy: "GET /health HTTP/1.1" 200 -
gpu-proxy: "GET /health HTTP/1.1" 200 -
gpu-proxy: "GET /health HTTP/1.1" 200 -
gpu-proxy: "GET /health HTTP/1.1" 200 -
gpu-proxy: "GET /health HTTP/1.1" 200 -
gpu-proxy: "GET /health HTTP/1.1" 200 -
gpu-proxy: "GET /health HTTP/1.1" 200 -
gpu-proxy: "GET /health HTTP/1.1" 200 -
gpu-proxy: "GET /health HTTP/1.1" 200 -
gpu-proxy: "GET /health HTTP/1.1" 200 -
gpu-proxy: "GET /health HTTP/1.1" 200 -
gpu-proxy: "GET /health HTTP/1.1" 200 -
gpu-proxy: "GET /health HTTP/1.1" 200 -
gpu-proxy: "GET /health HTTP/1.1" 200 -
gpu-proxy: "GET /health HTTP/1.1" 200 -
gpu-proxy: "GET /health HTTP/1.1" 200 -
gpu-proxy: "GET /health HTTP/1.1" 200 -
gpu-proxy: "GET /health HTTP/1.1" 200 -
gpu-proxy: "GET /health HTTP/1.1" 200 -
gpu-proxy: "GET /health HTTP/1.1" 200 -
gpu-proxy: "GET /health HTTP/1.1" 200 -
gpu-proxy: "GET /health HTTP/1.1" 200 -
gpu-proxy: "GET /health HTTP/1.1" 200 -
gpu-proxy: "GET /health HTTP/1.1" 200 -
gpu-proxy: "GET /health HTTP/1.1" 200 -
gpu-proxy: "GET /health HTTP/1.1" 200 -
gpu-proxy: "GET /health HTTP/1.1" 200 -
gpu-proxy: "GET /health HTTP/1.1" 200 -
gpu-proxy: "GET /health HTTP/1.1" 200 -
gpu-proxy: "GET /health HTTP/1.1" 200 -
gpu-proxy: "GET /health HTTP/1.1" 200 -
gpu-proxy: "GET /health HTTP/1.1" 200 -
gpu-proxy: "GET /health HTTP/1.1" 200 -
gpu-proxy: "GET /health HTTP/1.1" 200 -
gpu-proxy: "GET /health HTTP/1.1" 200 -
gpu-proxy: "GET /health HTTP/1.1" 200 -
gpu-proxy: "GET /health HTTP/1.1" 200 -
gpu-proxy: "GET /health HTTP/1.1" 200 -
gpu-proxy: "GET /health HTTP/1.1" 200 -
gpu-proxy: "GET /health HTTP/1.1" 200 -
gpu-proxy: "GET /health HTTP/1.1" 200 -
gpu-proxy: "GET /health HTTP/1.1" 200 -
gpu-proxy: "GET /health HTTP/1.1" 200 -
gpu-proxy: "GET /health HTTP/1.1" 200 -
gpu-proxy: "GET /health HTTP/1.1" 200 -
gpu-proxy: "GET /health HTTP/1.1" 200 -
gpu-proxy: "GET /health HTTP/1.1" 200 -
gpu-proxy: "GET /health HTTP/1.1" 200 -
gpu-proxy: "GET /health HTTP/1.1" 200 -
gpu-proxy: "GET /health HTTP/1.1" 200 -
gpu-proxy: "GET /health HTTP/1.1" 200 -
gpu-proxy: "GET /health HTTP/1.1" 200 -
gpu-proxy: "GET /health HTTP/1.1" 200 -
gpu-proxy: "GET /health HTTP/1.1" 200 -
gpu-proxy: "GET /health HTTP/1.1" 200 -
gpu-proxy: "GET /health HTTP/1.1" 200 -
gpu-proxy: "GET /health HTTP/1.1" 200 -
gpu-proxy: "GET /health HTTP/1.1" 200 -
gpu-proxy: "GET /health HTTP/1.1" 200 -
gpu-proxy: "GET /health HTTP/1.1" 200 -
gpu-proxy: "GET /health HTTP/1.1" 200 -
gpu-proxy: "GET /health HTTP/1.1" 200 -
gpu-proxy: "GET /health HTTP/1.1" 200 -
gpu-proxy: "GET /health HTTP/1.1" 200 -
gpu-proxy: "GET /health HTTP/1.1" 200 -
gpu-proxy: "GET /health HTTP/1.1" 200 -
gpu-proxy: "GET /health HTTP/1.1" 200 -
gpu-proxy: "GET /health HTTP/1.1" 200 -
gpu-proxy: "GET /health HTTP/1.1" 200 -
gpu-proxy: "GET /health HTTP/1.1" 200 -
gpu-proxy: "GET /health HTTP/1.1" 200 -
gpu-proxy: "GET /health HTTP/1.1" 200 -
gpu-proxy: "GET /health HTTP/1.1" 200 -
gpu-proxy: "GET /health HTTP/1.1" 200 -
gpu-proxy: "GET /health HTTP/1.1" 200 -
gpu-proxy: "GET /health HTTP/1.1" 200 -
gpu-proxy: "GET /health HTTP/1.1" 200 -
gpu-proxy: "GET /health HTTP/1.1" 200 -
gpu-proxy: "GET /health HTTP/1.1" 200 -
gpu-proxy: "GET /health HTTP/1.1" 200 -
gpu-proxy: "GET /health HTTP/1.1" 200 -
gpu-proxy: "GET /health HTTP/1.1" 200 -
gpu-proxy: "GET /health HTTP/1.1" 200 -
gpu-proxy: "GET /health HTTP/1.1" 200 -
gpu-proxy: "GET /health HTTP/1.1" 200 -
gpu-proxy: "GET /health HTTP/1.1" 200 -
gpu-proxy: "GET /health HTTP/1.1" 200 -
gpu-proxy: "GET /health HTTP/1.1" 200 -
gpu-proxy: "GET /health HTTP/1.1" 200 -
gpu-proxy: "GET /health HTTP/1.1" 200 -
gpu-proxy: "GET /health HTTP/1.1" 200 -
gpu-proxy: "GET /health HTTP/1.1" 200 -
gpu-proxy: "GET /health HTTP/1.1" 200 -
gpu-proxy: "GET /health HTTP/1.1" 200 -
gpu-proxy: "GET /health HTTP/1.1" 200 -
gpu-proxy: "GET /health HTTP/1.1" 200 -
gpu-proxy: "GET /health HTTP/1.1" 200 -
gpu-proxy: "GET /health HTTP/1.1" 200 -
gpu-proxy: "GET /health HTTP/1.1" 200 -
gpu-proxy: "GET /health HTTP/1.1" 200 -
gpu-proxy: "GET /health HTTP/1.1" 200 -
gpu-proxy: "GET /health HTTP/1.1" 200 -
gpu-proxy: "GET /health HTTP/1.1" 200 -
gpu-proxy: "GET /health HTTP/1.1" 200 -
gpu-proxy: "GET /health HTTP/1.1" 200 -
gpu-proxy: "GET /health HTTP/1.1" 200 -
gpu-proxy: "GET /health HTTP/1.1" 200 -
gpu-proxy: "GET /health HTTP/1.1" 200 -
gpu-proxy: "GET /health HTTP/1.1" 200 -
gpu-proxy: "GET /health HTTP/1.1" 200 -
gpu-proxy: "GET /health HTTP/1.1" 200 -
gpu-proxy: "GET /health HTTP/1.1" 200 -
gpu-proxy: "GET /health HTTP/1.1" 200 -
gpu-proxy: "GET /health HTTP/1.1" 200 -
gpu-proxy: "GET /health HTTP/1.1" 200 -
gpu-proxy: "GET /health HTTP/1.1" 200 -
gpu-proxy: "GET /health HTTP/1.1" 200 -
gpu-proxy: "GET /health HTTP/1.1" 200 -
gpu-proxy: "GET /health HTTP/1.1" 200 -
gpu-proxy: "GET /health HTTP/1.1" 200 -
gpu-proxy: "GET /health HTTP/1.1" 200 -
gpu-proxy: "GET /health HTTP/1.1" 200 -
gpu-proxy: "GET /health HTTP/1.1" 200 -
gpu-proxy: "GET /health HTTP/1.1" 200 -
gpu-proxy: "GET /health HTTP/1.1" 200 -
gpu-proxy: "GET /health HTTP/1.1" 200 -
gpu-proxy: "GET /health HTTP/1.1" 200 -
gpu-proxy: "GET /health HTTP/1.1" 200 -
gpu-proxy: "GET /health HTTP/1.1" 200 -
gpu-proxy: "GET /health HTTP/1.1" 200 -
gpu-proxy: "GET /health HTTP/1.1" 200 -
gpu-proxy: "GET /health HTTP/1.1" 200 -
gpu-proxy: "GET /health HTTP/1.1" 200 -
gpu-proxy: "GET /health HTTP/1.1" 200 -
gpu-proxy: "GET /health HTTP/1.1" 200 -
gpu-proxy: "GET /health HTTP/1.1" 200 -
gpu-proxy: "GET /health HTTP/1.1" 200 -
gpu-proxy: "GET /health HTTP/1.1" 200 -
gpu-proxy: "GET /health HTTP/1.1" 200 -
gpu-proxy: "GET /health HTTP/1.1" 200 -
gpu-proxy: "GET /health HTTP/1.1" 200 -
gpu-proxy: "GET /health HTTP/1.1" 200 -
gpu-proxy: "GET /health HTTP/1.1" 200 -
gpu-proxy: "GET /health HTTP/1.1" 200 -
gpu-proxy: "GET /health HTTP/1.1" 200 -
gpu-proxy: "GET /health HTTP/1.1" 200 -
gpu-proxy: "GET /health HTTP/1.1" 200 -
gpu-proxy: "GET /health HTTP/1.1" 200 -
gpu-proxy: "GET /health HTTP/1.1" 200 -
gpu-proxy: "GET /health HTTP/1.1" 200 -
gpu-proxy: "GET /health HTTP/1.1" 200 -
gpu-proxy: "GET /health HTTP/1.1" 200 -
gpu-proxy: "GET /health HTTP/1.1" 200 -
gpu-proxy: "GET /health HTTP/1.1" 200 -
gpu-proxy: "GET /health HTTP/1.1" 200 -
gpu-proxy: "GET /health HTTP/1.1" 200 -
gpu-proxy: "GET /health HTTP/1.1" 200 -
gpu-proxy: "GET /health HTTP/1.1" 200 -
gpu-proxy: "GET /health HTTP/1.1" 200 -
gpu-proxy: "GET /health HTTP/1.1" 200 -
gpu-proxy: "GET /health HTTP/1.1" 200 -
gpu-proxy: "GET /health HTTP/1.1" 200 -
gpu-proxy: "GET /health HTTP/1.1" 200 -
gpu-proxy: "GET /health HTTP/1.1" 200 -
gpu-proxy: "GET /health HTTP/1.1" 200 -
gpu-proxy: "GET /health HTTP/1.1" 200 -
gpu-proxy: "GET /health HTTP/1.1" 200 -
gpu-proxy: "GET /health HTTP/1.1" 200 -
gpu-proxy: "GET /health HTTP/1.1" 200 -
gpu-proxy: "GET /health HTTP/1.1" 200 -
gpu-proxy: "GET /health HTTP/1.1" 200 -
gpu-proxy: "GET /health HTTP/1.1" 200 -
gpu-proxy: "GET /health HTTP/1.1" 200 -
gpu-proxy: "GET /health HTTP/1.1" 200 -
gpu-proxy: "GET /health HTTP/1.1" 200 -
gpu-proxy: "GET /health HTTP/1.1" 200 -
gpu-proxy: "GET /health HTTP/1.1" 200 -
gpu-proxy: "GET /health HTTP/1.1" 200 -
gpu-proxy: "GET /health HTTP/1.1" 200 -
gpu-proxy: "GET /health HTTP/1.1" 200 -
gpu-proxy: "GET /health HTTP/1.1" 200 -
gpu-proxy: "GET /health HTTP/1.1" 200 -
gpu-proxy: "GET /health HTTP/1.1" 200 -
gpu-proxy: "GET /health HTTP/1.1" 200 -
gpu-proxy: "GET /health HTTP/1.1" 200 -
gpu-proxy: "GET /health HTTP/1.1" 200 -
gpu-proxy: "GET /health HTTP/1.1" 200 -
gpu-proxy: "GET /health HTTP/1.1" 200 -
gpu-proxy: "GET /health HTTP/1.1" 200 -
gpu-proxy: "GET /health HTTP/1.1" 200 -
gpu-proxy: "GET /health HTTP/1.1" 200 -
gpu-proxy: "GET /health HTTP/1.1" 200 -
gpu-proxy: "GET /health HTTP/1.1" 200 -
gpu-proxy: "GET /health HTTP/1.1" 200 -
gpu-proxy: "GET /health HTTP/1.1" 200 -
gpu-proxy: "GET /health HTTP/1.1" 200 -
gpu-proxy: "GET /health HTTP/1.1" 200 -
gpu-proxy: "GET /health HTTP/1.1" 200 -
gpu-proxy: "GET /health HTTP/1.1" 200 -
gpu-proxy: "GET /health HTTP/1.1" 200 -
gpu-proxy: "GET /health HTTP/1.1" 200 -
gpu-proxy: "GET /health HTTP/1.1" 200 -
gpu-proxy: "GET /health HTTP/1.1" 200 -
gpu-proxy: "GET /health HTTP/1.1" 200 -
gpu-proxy: "GET /health HTTP/1.1" 200 -
gpu-proxy: "GET /health HTTP/1.1" 200 -
gpu-proxy: "GET /health HTTP/1.1" 200 -
gpu-proxy: "GET /health HTTP/1.1" 200 -
gpu-proxy: "GET /health HTTP/1.1" 200 -
gpu-proxy: "GET /health HTTP/1.1" 200 -
gpu-proxy: "GET /health HTTP/1.1" 200 -
gpu-proxy: "GET /health HTTP/1.1" 200 -
gpu-proxy: "GET /health HTTP/1.1" 200 -
gpu-proxy: "GET /health HTTP/1.1" 200 -
gpu-proxy: "GET /health HTTP/1.1" 200 -
gpu-proxy: "GET /health HTTP/1.1" 200 -
gpu-proxy: "GET /health HTTP/1.1" 200 -
gpu-proxy: "GET /health HTTP/1.1" 200 -
gpu-proxy: "GET /health HTTP/1.1" 200 -
gpu-proxy: "GET /health HTTP/1.1" 200 -
gpu-proxy: "GET /health HTTP/1.1" 200 -
gpu-proxy: "GET /health HTTP/1.1" 200 -
gpu-proxy: "GET /health HTTP/1.1" 200 -
gpu-proxy: "GET /health HTTP/1.1" 200 -
gpu-proxy: "GET /health HTTP/1.1" 200 -
gpu-proxy: "GET /health HTTP/1.1" 200 -
gpu-proxy: "GET /health HTTP/1.1" 200 -
gpu-proxy: "GET /health HTTP/1.1" 200 -
gpu-proxy: "GET /health HTTP/1.1" 200 -
gpu-proxy: "GET /health HTTP/1.1" 200 -
gpu-proxy: "GET /health HTTP/1.1" 200 -
gpu-proxy: "GET /health HTTP/1.1" 200 -
gpu-proxy: "GET /health HTTP/1.1" 200 -
gpu-proxy: "GET /health HTTP/1.1" 200 -
gpu-proxy: "GET /health HTTP/1.1" 200 -
gpu-proxy: "GET /health HTTP/1.1" 200 -
gpu-proxy: "GET /health HTTP/1.1" 200 -
gpu-proxy: "GET /health HTTP/1.1" 200 -
gpu-proxy: "GET /health HTTP/1.1" 200 -
gpu-proxy: "GET /health HTTP/1.1" 200 -
gpu-proxy: "GET /health HTTP/1.1" 200 -
gpu-proxy: "GET /health HTTP/1.1" 200 -
gpu-proxy: "GET /health HTTP/1.1" 200 -
gpu-proxy: "GET /health HTTP/1.1" 200 -
gpu-proxy: "GET /health HTTP/1.1" 200 -
gpu-proxy: "GET /health HTTP/1.1" 200 -
gpu-proxy: "GET /health HTTP/1.1" 200 -
gpu-proxy: "GET /health HTTP/1.1" 200 -
gpu-proxy: "GET /health HTTP/1.1" 200 -
gpu-proxy: "GET /health HTTP/1.1" 200 -
[2026-07-17T17:49:37.307] error: *** JOB 3695117 ON pllimsksparky2 CANCELLED AT 2026-07-17T17:49:37 DUE to SIGNAL Terminated ***
Traceback (most recent call last):
  File "/gpfs/mskmind_ess/limr/repos/local-ai-broker/workers/gpu-service/main.py", line 1794, in <module>
    raise SystemExit(main())
                     ^^^^^^
  File "/gpfs/mskmind_ess/limr/repos/local-ai-broker/workers/gpu-service/main.py", line 1787, in main
    return run(spec)
           ^^^^^^^^^
  File "/gpfs/mskmind_ess/limr/repos/local-ai-broker/workers/gpu-service/main.py", line 1756, in run
    publisher.renew()
  File "/gpfs/mskmind_ess/limr/repos/local-ai-broker/workers/gpu-service/main.py", line 205, in renew
    raise RuntimeError("GPU service reservation is no longer ready")
RuntimeError: GPU service reservation is no longer ready
